2024-11-14 06:07:12.625181327[CLIENT]/workspaces/server/servidor_minecraft/config/dcclasses
2024-11-14 06:07:54.168032685[CLIENT]Registered class clazz dawncraft:brawler
2024-11-14 06:07:54.168710107[CLIENT]Registered class clazz dawncraft:warrior
2024-11-14 06:07:54.168955715[CLIENT]Registered class clazz dawncraft:berserker
2024-11-14 06:07:54.169150848[CLIENT]Registered class clazz dawncraft:roamer
2024-11-14 06:07:54.169317298[CLIENT]Registered class clazz dawncraft:lancer
2024-11-14 06:07:54.169480753[CLIENT]Registered class clazz dawncraft:ronin
2024-11-14 06:07:54.169792694[CLIENT]Registered class clazz dawncraft:astrologer
2024-11-14 06:07:54.169964604[CLIENT]Registered class clazz dawncraft:tank
2024-11-14 06:09:12.871408332[CLIENT]Serialized class dawncraft:brawler as {"index":5,"starting_skills":["epicfight:roll","epicfight:hypervitality"],"items":[{"id":"minecraft:chainmail_chestplate","count":1,"nbt":"{Damage:0}","slot":"chest"},{"id":"epicfight:glove","count":1,"nbt":"{Damage:0}","slot":"offhand"},{"id":"epicfight:glove","count":1,"nbt":"{Damage:0}","slot":"mainhand"},{"id":"minecraft:bread","count":6,"slot":"mainhand"}],"attributes":{"minecraft:generic.max_health":24.0,"paraglider:max_stamina":28.0},"animation":"epicfight:biped/combat/fist_auto3","offset":[0.0,0.0]}
2024-11-14 06:09:12.873179291[CLIENT]Serialized class dawncraft:warrior as {"index":0,"starting_skills":["epicfight:roll"],"items":[{"id":"minecraft:leather_chestplate","count":1,"nbt":"{Damage:0}","slot":"chest"},{"id":"minecraft:stone_sword","count":1,"nbt":"{Damage:0}","slot":"mainhand"},{"id":"minecraft:bread","count":6,"slot":"mainhand"}],"attributes":{"minecraft:generic.max_health":22.0,"paraglider:max_stamina":32.0},"animation":"epicfight:biped/combat/sword_auto3","offset":[0.0,0.0]}
2024-11-14 06:09:12.874558911[CLIENT]Serialized class dawncraft:berserker as {"index":1,"starting_skills":["epicfight:roll","epicfight:berserker","epicfight:forbidden_strength"],"items":[{"id":"epicfight:stone_greatsword","count":1,"nbt":"{Damage:0}","slot":"mainhand"},{"id":"minecraft:bread","count":6,"slot":"mainhand"}],"attributes":{"minecraft:generic.max_health":20.0,"paraglider:max_stamina":25.0},"animation":"epicfight:biped/combat/greatsword_auto1","offset":[0.0,0.0]}
2024-11-14 06:09:12.875106431[CLIENT]Serialized class dawncraft:roamer as {"index":4,"starting_skills":["epicfight:roll","epicfight:emergency_escape"],"items":[{"id":"jet_and_elias_armors:highlander_set_chestplate","count":1,"nbt":"{Damage:0}","slot":"chest"},{"id":"minecraft:bow","count":1,"nbt":"{Damage:0}","slot":"mainhand"},{"id":"nyfsquiver:basic_quiver","count":1,"nbt":"{Damage:0}","slot":"curios:quiver"},{"id":"minecraft:arrow","count":64,"slot":"mainhand"},{"id":"minecraft:bread","count":10,"slot":"mainhand"}],"attributes":{"minecraft:generic.max_health":17.0,"paraglider:max_stamina":42.0},"animation":"epicfight:biped/combat/bow_shot_mid","offset":[0.0,0.0]}
2024-11-14 06:09:12.87562671[CLIENT]Serialized class dawncraft:lancer as {"index":3,"starting_skills":["epicfight:step","epicfight:revelation"],"items":[{"id":"magistuarmory:rustedkettlehat","count":1,"nbt":"{Damage:0}","slot":"head"},{"id":"magistuarmory:stone_ranseur","count":1,"nbt":"{Damage:0}","slot":"mainhand"},{"id":"minecraft:bread","count":6,"slot":"mainhand"}],"attributes":{"minecraft:generic.max_health":20.0,"paraglider:max_stamina":28.0},"animation":"epicfight:biped/combat/spear_twohand_auto1","offset":[0.0,0.0]}
2024-11-14 06:09:12.876401433[CLIENT]Serialized class dawncraft:ronin as {"index":6,"starting_skills":["epicfight:roll","epicfight:parrying","epicfight:technician"],"items":[{"id":"jet_and_elias_armors:outrider_set_helmet","count":1,"nbt":"{Damage:0}","slot":"head"},{"id":"epicfight:uchigatana","count":1,"nbt":"{Damage:0}","slot":"mainhand"},{"id":"minecraft:bread","count":6,"slot":"mainhand"}],"attributes":{"minecraft:generic.max_health":16.0,"paraglider:max_stamina":28.0},"animation":"epicfight:biped/combat/uchigatana_auto1","offset":[0.0,0.0]}
2024-11-14 06:09:12.877525908[CLIENT]Serialized class dawncraft:astrologer as {"index":5,"starting_skills":["epicfight:roll","wom:ender_step"],"items":[{"id":"irons_spellbooks:wandering_magician_helmet","count":1,"nbt":"{Damage:0}","slot":"head"},{"id":"irons_spellbooks:wandering_magician_chestplate","count":1,"nbt":"{Damage:0}","slot":"chest"},{"id":"irons_spellbooks:iron_spell_book","count":1,"nbt":"{ISB_spellbook:{activeSpellIndex:0,spellSlots:5,spells:[{id:4,level:1,slot:0},{id:7,level:1,slot:1},{id:16,level:1,slot:2},{id:19,level:1,slot:3}]}}","slot":"mainhand"},{"id":"minecraft:bread","count":6,"slot":"mainhand"}],"attributes":{"minecraft:generic.max_health":16.0,"paraglider:max_stamina":20.0},"animation":"wom:biped/skill/enderstep_forward","offset":[0.0,-10.0]}
2024-11-14 06:09:12.880726731[CLIENT]Serialized class dawncraft:tank as {"index":2,"starting_skills":["epicfight:roll","epicfight:endurance"],"items":[{"id":"minecraft:chainmail_chestplate","count":1,"nbt":"{Damage:0}","slot":"chest"},{"id":"minecraft:shield","count":1,"nbt":"{Damage:0}","slot":"offhand"},{"id":"magistuarmory:wood_morgenstern","count":1,"nbt":"{Damage:0}","slot":"mainhand"},{"id":"minecraft:bread","count":6,"slot":"mainhand"}],"attributes":{"minecraft:generic.max_health":30.0,"paraglider:max_stamina":18.0},"animation":"epicfight:biped/combat/sword_auto1","offset":[0.0,0.0]}
2024-11-14 06:09:34.083474645[CLIENT]Applying skill epicfight:roll to player Fherzz
2024-11-14 06:09:34.084579173[CLIENT]Applying dawncraft:warrior modififers to player Fherzz
2024-11-14 06:09:34.086546548[CLIENT]Applying attribute minecraft:generic.max_health with value 22.0 to player Fherzz
2024-11-14 06:09:34.092649667[CLIENT]Applying attribute paraglider:max_stamina with value 32.0 to player Fherzz
2024-11-14 06:09:34.095403567[CLIENT]Attribute is paraglider:max_stamina, removing 28.0 points as default.
2024-11-14 06:09:34.096706535[CLIENT]set 1 leather_chestplate to slot chest
2024-11-14 06:09:34.098850239[CLIENT]set 1 stone_sword to slot mainhand
2024-11-14 06:09:34.099475183[CLIENT]set 6 bread to slot mainhand
2024-11-14 06:09:34.100169686[CLIENT]Set player Fherzz to class dawncraft:warrior
2024-11-14 06:09:34.209410252[CLIENT]Applying dawncraft:warrior modififers to player Fherzz
2024-11-14 06:09:34.213451621[CLIENT]Applying attribute minecraft:generic.max_health with value 22.0 to player Fherzz
2024-11-14 06:09:34.213940131[CLIENT]Applying attribute paraglider:max_stamina with value 32.0 to player Fherzz
2024-11-14 06:09:34.214442927[CLIENT]Attribute is paraglider:max_stamina, removing 28.0 points as default.
2024-11-14 06:12:27.713910354[CLIENT]Applying dawncraft:warrior modififers to player Fherzz
2024-11-14 06:12:27.714832051[CLIENT]Applying attribute minecraft:generic.max_health with value 22.0 to player Fherzz
2024-11-14 06:12:27.715725596[CLIENT]Applying attribute paraglider:max_stamina with value 32.0 to player Fherzz
2024-11-14 06:12:27.719524893[CLIENT]Attribute is paraglider:max_stamina, removing 28.0 points as default.
