[14Nov2024 02:55:01.345] [main/INFO] [cpw.mods.modlauncher.Launcher/MODLAUNCHER]: ModLauncher running: args [--launchTarget, forgeserver, --fml.forgeVersion, 40.2.21, --fml.mcVersion, 1.18.2, --fml.forgeGroup, net.minecraftforge, --fml.mcpVersion, 20220404.173914]
[14Nov2024 02:55:01.349] [main/INFO] [cpw.mods.modlauncher.Launcher/MODLAUNCHER]: ModLauncher 9.1.3+9.1.3+main.9b69c82a starting: java version 21.0.4 by Microsoft
[14Nov2024 02:55:01.362] [main/DEBUG] [cpw.mods.modlauncher.LaunchServiceHandler/MODLAUNCHER]: Found launch services [fmlclientdev,forgeclient,minecraft,forgegametestserverdev,fmlserveruserdev,fmlclient,fmldatauserdev,forgeserverdev,forgeserveruserdev,forgeclientdev,forgeclientuserdev,forgeserver,forgedatadev,fmlserver,fmlclientuserdev,fmlserverdev,forgedatauserdev,testharness,forgegametestserveruserdev]
[14Nov2024 02:55:01.375] [main/DEBUG] [cpw.mods.modlauncher.NameMappingServiceHandler/MODLAUNCHER]: Found naming services : [srgtomcp]
[14Nov2024 02:55:01.390] [main/DEBUG] [cpw.mods.modlauncher.LaunchPluginHandler/MODLAUNCHER]: Found launch plugins: [mixin,eventbus,slf4jfixer,object_holder_definalize,runtime_enum_extender,capability_token_subclass,accesstransformer,runtimedistcleaner]
[14Nov2024 02:55:01.403] [main/DEBUG] [cpw.mods.modlauncher.TransformationServicesHandler/MODLAUNCHER]: Discovering transformation services
[14Nov2024 02:55:01.427] [main/DEBUG] [cpw.mods.modlauncher.TransformationServicesHandler/MODLAUNCHER]: Found additional transformation services from discovery services: java.util.stream.ReferencePipeline$3@4b2a01d4
[14Nov2024 02:55:01.447] [main/DEBUG] [cpw.mods.modlauncher.TransformationServicesHandler/MODLAUNCHER]: Found transformer services : [mixin,fml]
[14Nov2024 02:55:01.448] [main/DEBUG] [cpw.mods.modlauncher.TransformationServicesHandler/MODLAUNCHER]: Transformation services loading
[14Nov2024 02:55:01.449] [main/DEBUG] [cpw.mods.modlauncher.TransformationServiceDecorator/MODLAUNCHER]: Loading service mixin
[14Nov2024 02:55:01.449] [main/DEBUG] [cpw.mods.modlauncher.TransformationServiceDecorator/MODLAUNCHER]: Loaded service mixin
[14Nov2024 02:55:01.449] [main/DEBUG] [cpw.mods.modlauncher.TransformationServiceDecorator/MODLAUNCHER]: Loading service fml
[14Nov2024 02:55:01.451] [main/DEBUG] [net.minecraftforge.fml.loading.LauncherVersion/CORE]: Found FMLLauncher version 1.0
[14Nov2024 02:55:01.451] [main/DEBUG] [net.minecraftforge.fml.loading.FMLLoader/CORE]: FML 1.0 loading
[14Nov2024 02:55:01.451] [main/DEBUG] [net.minecraftforge.fml.loading.FMLLoader/CORE]: FML found ModLauncher version : 9.1.3+9.1.3+main.9b69c82a
[14Nov2024 02:55:01.452] [main/DEBUG] [net.minecraftforge.fml.loading.FMLLoader/CORE]: FML found AccessTransformer version : 8.0.4+66+master.c09db6d7
[14Nov2024 02:55:01.452] [main/DEBUG] [net.minecraftforge.fml.loading.FMLLoader/CORE]: FML found EventBus version : 5.0.3+70+master.d7d405b
[14Nov2024 02:55:01.453] [main/DEBUG] [net.minecraftforge.fml.loading.FMLLoader/CORE]: Found Runtime Dist Cleaner
[14Nov2024 02:55:01.454] [main/DEBUG] [net.minecraftforge.fml.loading.FMLLoader/CORE]: FML found CoreMod version : 5.0.1+15+master.dc5a2922
[14Nov2024 02:55:01.455] [main/DEBUG] [net.minecraftforge.fml.loading.FMLLoader/CORE]: Found ForgeSPI package implementation version 4.0.15-4.x+4.0.15-4.x+4.x.038e91c0
[14Nov2024 02:55:01.455] [main/DEBUG] [net.minecraftforge.fml.loading.FMLLoader/CORE]: Found ForgeSPI package specification 4
[14Nov2024 02:55:01.456] [main/DEBUG] [cpw.mods.modlauncher.TransformationServiceDecorator/MODLAUNCHER]: Loaded service fml
[14Nov2024 02:55:01.457] [main/DEBUG] [cpw.mods.modlauncher.TransformationServicesHandler/MODLAUNCHER]: Configuring option handling for services
[14Nov2024 02:55:01.463] [main/DEBUG] [cpw.mods.modlauncher.TransformationServicesHandler/MODLAUNCHER]: Transformation services initializing
[14Nov2024 02:55:01.464] [main/DEBUG] [cpw.mods.modlauncher.TransformationServiceDecorator/MODLAUNCHER]: Initializing transformation service mixin
[14Nov2024 02:55:01.478] [main/DEBUG] [mixin/]: MixinService [ModLauncher] was successfully booted in cpw.mods.cl.ModuleClassLoader@544fe44c
[14Nov2024 02:55:01.496] [main/INFO] [mixin/]: SpongePowered MIXIN Subsystem Version=0.8.5 Source=union:/workspaces/server/servidor_minecraft/libraries/org/spongepowered/mixin/0.8.5/mixin-0.8.5.jar%2314!/ Service=ModLauncher Env=SERVER
[14Nov2024 02:55:01.499] [main/DEBUG] [mixin/]: Initialising Mixin Platform Manager
[14Nov2024 02:55:01.500] [main/DEBUG] [mixin/]: Adding mixin platform agents for container ModLauncher Root Container(ModLauncher:4f56a0a2)
[14Nov2024 02:55:01.500] [main/DEBUG] [mixin/]: Instancing new MixinPlatformAgentMinecraftForge for ModLauncher Root Container(ModLauncher:4f56a0a2)
[14Nov2024 02:55:01.501] [main/DEBUG] [mixin/]: MixinPlatformAgentMinecraftForge rejected container ModLauncher Root Container(ModLauncher:4f56a0a2)
[14Nov2024 02:55:01.501] [main/DEBUG] [mixin/]: Instancing new MixinPlatformAgentDefault for ModLauncher Root Container(ModLauncher:4f56a0a2)
[14Nov2024 02:55:01.502] [main/DEBUG] [mixin/]: MixinPlatformAgentDefault accepted container ModLauncher Root Container(ModLauncher:4f56a0a2)
[14Nov2024 02:55:01.504] [main/DEBUG] [cpw.mods.modlauncher.TransformationServiceDecorator/MODLAUNCHER]: Initialized transformation service mixin
[14Nov2024 02:55:01.504] [main/DEBUG] [cpw.mods.modlauncher.TransformationServiceDecorator/MODLAUNCHER]: Initializing transformation service fml
[14Nov2024 02:55:01.504] [main/DEBUG] [net.minecraftforge.fml.loading.FMLServiceProvider/CORE]: Setting up basic FML game directories
[14Nov2024 02:55:01.507] [main/DEBUG] [net.minecraftforge.fml.loading.FileUtils/CORE]: Found existing GAMEDIR directory : /workspaces/server/servidor_minecraft
[14Nov2024 02:55:01.507] [main/DEBUG] [net.minecraftforge.fml.loading.FMLPaths/CORE]: Path GAMEDIR is /workspaces/server/servidor_minecraft
[14Nov2024 02:55:01.508] [main/DEBUG] [net.minecraftforge.fml.loading.FileUtils/CORE]: Found existing MODSDIR directory : /workspaces/server/servidor_minecraft/mods
[14Nov2024 02:55:01.508] [main/DEBUG] [net.minecraftforge.fml.loading.FMLPaths/CORE]: Path MODSDIR is /workspaces/server/servidor_minecraft/mods
[14Nov2024 02:55:01.508] [main/DEBUG] [net.minecraftforge.fml.loading.FileUtils/CORE]: Found existing CONFIGDIR directory : /workspaces/server/servidor_minecraft/config
[14Nov2024 02:55:01.508] [main/DEBUG] [net.minecraftforge.fml.loading.FMLPaths/CORE]: Path CONFIGDIR is /workspaces/server/servidor_minecraft/config
[14Nov2024 02:55:01.508] [main/DEBUG] [net.minecraftforge.fml.loading.FMLPaths/CORE]: Path FMLCONFIG is /workspaces/server/servidor_minecraft/config/fml.toml
[14Nov2024 02:55:01.508] [main/DEBUG] [net.minecraftforge.fml.loading.FMLServiceProvider/CORE]: Loading configuration
[14Nov2024 02:55:01.574] [main/DEBUG] [net.minecraftforge.fml.loading.FileUtils/CORE]: Found existing default config directory directory : /workspaces/server/servidor_minecraft/defaultconfigs
[14Nov2024 02:55:01.574] [main/DEBUG] [net.minecraftforge.fml.loading.FMLServiceProvider/CORE]: Preparing ModFile
[14Nov2024 02:55:01.577] [main/DEBUG] [net.minecraftforge.fml.loading.FMLServiceProvider/CORE]: Preparing launch handler
[14Nov2024 02:55:01.578] [main/DEBUG] [net.minecraftforge.fml.loading.FMLLoader/CORE]: Using forgeserver as launch service
[14Nov2024 02:55:01.605] [main/DEBUG] [net.minecraftforge.fml.loading.FMLLoader/CORE]: Received command line version data  : VersionInfo[forgeVersion=40.2.21, mcVersion=1.18.2, mcpVersion=20220404.173914, forgeGroup=net.minecraftforge]
[14Nov2024 02:55:01.608] [main/DEBUG] [cpw.mods.modlauncher.TransformationServiceDecorator/MODLAUNCHER]: Initialized transformation service fml
[14Nov2024 02:55:01.609] [main/DEBUG] [cpw.mods.modlauncher.NameMappingServiceHandler/MODLAUNCHER]: Current naming domain is 'srg'
[14Nov2024 02:55:01.610] [main/DEBUG] [cpw.mods.modlauncher.NameMappingServiceHandler/MODLAUNCHER]: Identified name mapping providers {}
[14Nov2024 02:55:01.611] [main/DEBUG] [cpw.mods.modlauncher.TransformationServicesHandler/MODLAUNCHER]: Transformation services begin scanning
[14Nov2024 02:55:01.612] [main/DEBUG] [cpw.mods.modlauncher.TransformationServiceDecorator/MODLAUNCHER]: Beginning scan trigger - transformation service mixin
[14Nov2024 02:55:01.612] [main/DEBUG] [cpw.mods.modlauncher.TransformationServiceDecorator/MODLAUNCHER]: End scan trigger - transformation service mixin
[14Nov2024 02:55:01.612] [main/DEBUG] [cpw.mods.modlauncher.TransformationServiceDecorator/MODLAUNCHER]: Beginning scan trigger - transformation service fml
[14Nov2024 02:55:01.614] [main/DEBUG] [net.minecraftforge.fml.loading.FMLServiceProvider/CORE]: Initiating mod scan
[14Nov2024 02:55:01.632] [main/DEBUG] [net.minecraftforge.fml.loading.moddiscovery.ModListHandler/CORE]: Found mod coordinates from lists: []
[14Nov2024 02:55:01.638] [main/DEBUG] [net.minecraftforge.fml.loading.moddiscovery.ModDiscoverer/CORE]: Found Mod Locators : (mods folder:null),(maven libs:null),(exploded directory:null),(minecraft:null),(userdev classpath:null),(JarInJar:null)
[14Nov2024 02:55:01.663] [main/DEBUG] [net.minecraftforge.fml.loading.moddiscovery.ModFileParser/LOADING]: Considering mod file candidate /workspaces/server/servidor_minecraft/mods/alexsmobs-1.18.6.jar
[14Nov2024 02:55:01.732] [main/DEBUG] [net.minecraftforge.fml.loading.moddiscovery.ModFileInfo/LOADING]: Found valid mod file alexsmobs-1.18.6.jar with {alexsmobs} mods - versions {1.18.6}
[14Nov2024 02:55:01.735] [main/DEBUG] [net.minecraftforge.fml.loading.moddiscovery.ModFileParser/LOADING]: Considering mod file candidate /workspaces/server/servidor_minecraft/mods/aquamirae-5.api10.jar
[14Nov2024 02:55:01.740] [main/DEBUG] [net.minecraftforge.fml.loading.moddiscovery.ModFileInfo/LOADING]: Found valid mod file aquamirae-5.api10.jar with {aquamirae} mods - versions {5.api10}
[14Nov2024 02:55:01.755] [main/DEBUG] [net.minecraftforge.fml.loading.moddiscovery.ModFileParser/LOADING]: Considering mod file candidate /workspaces/server/servidor_minecraft/mods/blue_skies-1.18.2-1.3.12.jar
[14Nov2024 02:55:01.758] [main/DEBUG] [net.minecraftforge.fml.loading.moddiscovery.ModFileInfo/LOADING]: Found valid mod file blue_skies-1.18.2-1.3.12.jar with {blue_skies} mods - versions {1.3.12}
[14Nov2024 02:55:01.760] [main/DEBUG] [net.minecraftforge.fml.loading.moddiscovery.ModFileParser/LOADING]: Considering mod file candidate /workspaces/server/servidor_minecraft/mods/BrassAmberBattleTowers-1.18.2-2.3.12.jar
[14Nov2024 02:55:01.762] [main/DEBUG] [net.minecraftforge.fml.loading.moddiscovery.ModFileInfo/LOADING]: Found valid mod file BrassAmberBattleTowers-1.18.2-2.3.12.jar with {ba_bt} mods - versions {1.18.2-2.3.12}
[14Nov2024 02:55:01.773] [main/DEBUG] [net.minecraftforge.fml.loading.moddiscovery.ModFileParser/LOADING]: Considering mod file candidate /workspaces/server/servidor_minecraft/mods/create-1.18.2-0.5.1.f.jar
[14Nov2024 02:55:01.777] [main/DEBUG] [net.minecraftforge.fml.loading.moddiscovery.ModFileInfo/LOADING]: Found valid mod file create-1.18.2-0.5.1.f.jar with {create} mods - versions {0.5.1.f}
[14Nov2024 02:55:01.782] [main/DEBUG] [net.minecraftforge.fml.loading.moddiscovery.ModFileParser/LOADING]: Considering mod file candidate /workspaces/server/servidor_minecraft/mods/dannys_expansion-1.2.6.jar
[14Nov2024 02:55:01.787] [main/DEBUG] [net.minecraftforge.fml.loading.moddiscovery.ModFileInfo/LOADING]: Found valid mod file dannys_expansion-1.2.6.jar with {dannys_expansion} mods - versions {1.2.6}
[14Nov2024 02:55:01.799] [main/DEBUG] [net.minecraftforge.fml.loading.moddiscovery.ModFileParser/LOADING]: Considering mod file candidate /workspaces/server/servidor_minecraft/mods/dawncraft_mobs-1.18-1.3.7a.jar
[14Nov2024 02:55:01.800] [main/DEBUG] [net.minecraftforge.fml.loading.moddiscovery.ModFileInfo/LOADING]: Found valid mod file dawncraft_mobs-1.18-1.3.7a.jar with {simple_mobs} mods - versions {1.3.7}
[14Nov2024 02:55:01.803] [main/DEBUG] [net.minecraftforge.fml.loading.moddiscovery.ModFileParser/LOADING]: Considering mod file candidate /workspaces/server/servidor_minecraft/mods/mowziesmobs-1.6.3.jar
[14Nov2024 02:55:01.808] [main/DEBUG] [net.minecraftforge.fml.loading.moddiscovery.ModFileInfo/LOADING]: Found valid mod file mowziesmobs-1.6.3.jar with {mowziesmobs} mods - versions {1.6.3}
[14Nov2024 02:55:01.810] [main/DEBUG] [net.minecraftforge.fml.loading.moddiscovery.ModFileParser/LOADING]: Considering mod file candidate /workspaces/server/servidor_minecraft/mods/zmedievalmusic-1.18.2-1.4.jar
[14Nov2024 02:55:01.817] [main/DEBUG] [net.minecraftforge.fml.loading.moddiscovery.ModFileInfo/LOADING]: Found valid mod file zmedievalmusic-1.18.2-1.4.jar with {medievalmusic} mods - versions {1.18.2-1.4}
[14Nov2024 02:55:02.068] [main/DEBUG] [net.minecraftforge.fml.loading.moddiscovery.ModFileInfo/LOADING]: Found valid mod file server-1.18.2-20220404.173914-srg.jar with {minecraft} mods - versions {1.18.2}
[14Nov2024 02:55:02.076] [main/DEBUG] [net.minecraftforge.fml.loading.moddiscovery.ModFileParser/LOADING]: Considering mod file candidate /workspaces/server/servidor_minecraft/libraries/net/minecraftforge/fmlcore/1.18.2-40.2.21/fmlcore-1.18.2-40.2.21.jar
[14Nov2024 02:55:02.077] [main/WARN] [net.minecraftforge.fml.loading.moddiscovery.ModFileParser/LOADING]: Mod file /workspaces/server/servidor_minecraft/libraries/net/minecraftforge/fmlcore/1.18.2-40.2.21/fmlcore-1.18.2-40.2.21.jar is missing mods.toml file
[14Nov2024 02:55:02.095] [main/DEBUG] [net.minecraftforge.fml.loading.moddiscovery.ModFileParser/LOADING]: Considering mod file candidate /workspaces/server/servidor_minecraft/libraries/net/minecraftforge/javafmllanguage/1.18.2-40.2.21/javafmllanguage-1.18.2-40.2.21.jar
[14Nov2024 02:55:02.095] [main/WARN] [net.minecraftforge.fml.loading.moddiscovery.ModFileParser/LOADING]: Mod file /workspaces/server/servidor_minecraft/libraries/net/minecraftforge/javafmllanguage/1.18.2-40.2.21/javafmllanguage-1.18.2-40.2.21.jar is missing mods.toml file
[14Nov2024 02:55:02.101] [main/DEBUG] [net.minecraftforge.fml.loading.moddiscovery.ModFileParser/LOADING]: Considering mod file candidate /workspaces/server/servidor_minecraft/libraries/net/minecraftforge/lowcodelanguage/1.18.2-40.2.21/lowcodelanguage-1.18.2-40.2.21.jar
[14Nov2024 02:55:02.102] [main/WARN] [net.minecraftforge.fml.loading.moddiscovery.ModFileParser/LOADING]: Mod file /workspaces/server/servidor_minecraft/libraries/net/minecraftforge/lowcodelanguage/1.18.2-40.2.21/lowcodelanguage-1.18.2-40.2.21.jar is missing mods.toml file
[14Nov2024 02:55:02.109] [main/DEBUG] [net.minecraftforge.fml.loading.moddiscovery.ModFileParser/LOADING]: Considering mod file candidate /workspaces/server/servidor_minecraft/libraries/net/minecraftforge/mclanguage/1.18.2-40.2.21/mclanguage-1.18.2-40.2.21.jar
[14Nov2024 02:55:02.111] [main/WARN] [net.minecraftforge.fml.loading.moddiscovery.ModFileParser/LOADING]: Mod file /workspaces/server/servidor_minecraft/libraries/net/minecraftforge/mclanguage/1.18.2-40.2.21/mclanguage-1.18.2-40.2.21.jar is missing mods.toml file
[14Nov2024 02:55:02.210] [main/DEBUG] [net.minecraftforge.fml.loading.moddiscovery.ModFileParser/LOADING]: Considering mod file candidate /workspaces/server/servidor_minecraft/libraries/net/minecraftforge/forge/1.18.2-40.2.21/forge-1.18.2-40.2.21-universal.jar
[14Nov2024 02:55:02.214] [main/DEBUG] [net.minecraftforge.fml.loading.moddiscovery.ModFileInfo/LOADING]: Found valid mod file forge-1.18.2-40.2.21-universal.jar with {forge} mods - versions {40.2.21}
[14Nov2024 02:55:02.256] [main/DEBUG] [net.minecraftforge.fml.loading.moddiscovery.AbstractJarFileDependencyLocator/]: Failed to load resource META-INF/jarjar/metadata.json from server-1.18.2-20220404.173914-srg.jar, it does not contain dependency information.
[14Nov2024 02:55:02.256] [main/DEBUG] [net.minecraftforge.fml.loading.moddiscovery.AbstractJarFileDependencyLocator/]: Failed to load resource META-INF/jarjar/metadata.json from BrassAmberBattleTowers-1.18.2-2.3.12.jar, it does not contain dependency information.
[14Nov2024 02:55:02.257] [main/DEBUG] [net.minecraftforge.fml.loading.moddiscovery.AbstractJarFileDependencyLocator/]: Failed to load resource META-INF/jarjar/metadata.json from zmedievalmusic-1.18.2-1.4.jar, it does not contain dependency information.
[14Nov2024 02:55:02.257] [main/DEBUG] [net.minecraftforge.fml.loading.moddiscovery.AbstractJarFileDependencyLocator/]: Failed to load resource META-INF/jarjar/metadata.json from mowziesmobs-1.6.3.jar, it does not contain dependency information.
[14Nov2024 02:55:02.257] [main/DEBUG] [net.minecraftforge.fml.loading.moddiscovery.AbstractJarFileDependencyLocator/]: Failed to load resource META-INF/jarjar/metadata.json from blue_skies-1.18.2-1.3.12.jar, it does not contain dependency information.
[14Nov2024 02:55:02.258] [main/DEBUG] [net.minecraftforge.fml.loading.moddiscovery.AbstractJarFileDependencyLocator/]: Failed to load resource META-INF/jarjar/metadata.json from forge-1.18.2-40.2.21-universal.jar, it does not contain dependency information.
[14Nov2024 02:55:02.258] [main/DEBUG] [net.minecraftforge.fml.loading.moddiscovery.AbstractJarFileDependencyLocator/]: Failed to load resource META-INF/jarjar/metadata.json from alexsmobs-1.18.6.jar, it does not contain dependency information.
[14Nov2024 02:55:02.259] [main/DEBUG] [net.minecraftforge.fml.loading.moddiscovery.AbstractJarFileDependencyLocator/]: Failed to load resource META-INF/jarjar/metadata.json from dawncraft_mobs-1.18-1.3.7a.jar, it does not contain dependency information.
[14Nov2024 02:55:02.260] [main/DEBUG] [net.minecraftforge.fml.loading.moddiscovery.AbstractJarFileDependencyLocator/]: Failed to load resource META-INF/jarjar/metadata.json from dannys_expansion-1.2.6.jar, it does not contain dependency information.
[14Nov2024 02:55:02.261] [main/DEBUG] [net.minecraftforge.fml.loading.moddiscovery.AbstractJarFileDependencyLocator/]: Failed to load resource META-INF/jarjar/metadata.json from aquamirae-5.api10.jar, it does not contain dependency information.
[14Nov2024 02:55:02.261] [main/DEBUG] [net.minecraftforge.fml.loading.moddiscovery.AbstractJarFileDependencyLocator/]: Failed to load resource META-INF/jarjar/metadata.json from mclanguage-1.18.2-40.2.21.jar, it does not contain dependency information.
[14Nov2024 02:55:02.261] [main/DEBUG] [net.minecraftforge.fml.loading.moddiscovery.AbstractJarFileDependencyLocator/]: Failed to load resource META-INF/jarjar/metadata.json from javafmllanguage-1.18.2-40.2.21.jar, it does not contain dependency information.
[14Nov2024 02:55:02.262] [main/DEBUG] [net.minecraftforge.fml.loading.moddiscovery.AbstractJarFileDependencyLocator/]: Failed to load resource META-INF/jarjar/metadata.json from fmlcore-1.18.2-40.2.21.jar, it does not contain dependency information.
[14Nov2024 02:55:02.262] [main/DEBUG] [net.minecraftforge.fml.loading.moddiscovery.AbstractJarFileDependencyLocator/]: Failed to load resource META-INF/jarjar/metadata.json from lowcodelanguage-1.18.2-40.2.21.jar, it does not contain dependency information.
[14Nov2024 02:55:02.365] [main/DEBUG] [net.minecraftforge.fml.loading.moddiscovery.ModFileParser/LOADING]: Considering mod file candidate 
[14Nov2024 02:55:02.370] [main/DEBUG] [net.minecraftforge.fml.loading.moddiscovery.ModFileInfo/LOADING]: Found valid mod file flywheel-forge-1.18.2-0.6.10-105.jar with {flywheel} mods - versions {0.6.10-105}
[14Nov2024 02:55:02.371] [main/DEBUG] [net.minecraftforge.fml.loading.moddiscovery.AbstractJarFileDependencyLocator/]: Failed to load resource META-INF/jarjar/metadata.json from Registrate-MC1.18.2-1.1.3.jar, it does not contain dependency information.
[14Nov2024 02:55:02.372] [main/DEBUG] [net.minecraftforge.fml.loading.moddiscovery.AbstractJarFileDependencyLocator/]: Failed to load resource META-INF/jarjar/metadata.json from flywheel-forge-1.18.2-0.6.10-105.jar, it does not contain dependency information.
[14Nov2024 02:55:02.452] [main/DEBUG] [net.minecraftforge.fml.loading.moddiscovery.ModFileParser/LOADING]: Considering mod file candidate 
[14Nov2024 02:55:02.461] [main/DEBUG] [net.minecraftforge.fml.loading.moddiscovery.ModFileInfo/LOADING]: Found valid mod file flywheel-forge-1.18.2-0.6.10-105.jar with {flywheel} mods - versions {0.6.10-105}
[14Nov2024 02:55:02.479] [main/INFO] [net.minecraftforge.fml.loading.moddiscovery.JarInJarDependencyLocator/]: Found 2 dependencies adding them to mods collection
[14Nov2024 02:55:02.483] [main/DEBUG] [net.minecraftforge.fml.loading.moddiscovery.ModFileParser/LOADING]: Considering mod file candidate /workspaces/server/servidor_minecraft/mods/BrassAmberBattleTowers-1.18.2-2.3.12.jar
[14Nov2024 02:55:02.485] [main/DEBUG] [net.minecraftforge.fml.loading.moddiscovery.ModFileInfo/LOADING]: Found valid mod file BrassAmberBattleTowers-1.18.2-2.3.12.jar with {ba_bt} mods - versions {1.18.2-2.3.12}
[14Nov2024 02:55:02.490] [main/DEBUG] [net.minecraftforge.fml.loading.moddiscovery.ModFile/LOADING]: Loading mod file /workspaces/server/servidor_minecraft/mods/BrassAmberBattleTowers-1.18.2-2.3.12.jar with languages [LanguageSpec[languageName=javafml, acceptedVersions=[40,)]]
[14Nov2024 02:55:02.492] [main/DEBUG] [net.minecraftforge.fml.loading.moddiscovery.ModFileInfo/LOADING]: Found valid mod file server-1.18.2-20220404.173914-srg.jar with {minecraft} mods - versions {1.18.2}
[14Nov2024 02:55:02.493] [main/DEBUG] [net.minecraftforge.fml.loading.moddiscovery.ModFile/LOADING]: Loading mod file /workspaces/server/servidor_minecraft/libraries/net/minecraft/server/1.18.2-20220404.173914/server-1.18.2-20220404.173914-srg.jar with languages [LanguageSpec[languageName=minecraft, acceptedVersions=1]]
[14Nov2024 02:55:02.494] [main/DEBUG] [net.minecraftforge.fml.loading.moddiscovery.ModFileParser/LOADING]: Considering mod file candidate /workspaces/server/servidor_minecraft/mods/zmedievalmusic-1.18.2-1.4.jar
[14Nov2024 02:55:02.497] [main/DEBUG] [net.minecraftforge.fml.loading.moddiscovery.ModFileInfo/LOADING]: Found valid mod file zmedievalmusic-1.18.2-1.4.jar with {medievalmusic} mods - versions {1.18.2-1.4}
[14Nov2024 02:55:02.497] [main/DEBUG] [net.minecraftforge.fml.loading.moddiscovery.ModFile/LOADING]: Loading mod file /workspaces/server/servidor_minecraft/mods/zmedievalmusic-1.18.2-1.4.jar with languages [LanguageSpec[languageName=javafml, acceptedVersions=[36,)]]
[14Nov2024 02:55:02.498] [main/DEBUG] [net.minecraftforge.fml.loading.moddiscovery.ModFileParser/LOADING]: Considering mod file candidate /workspaces/server/servidor_minecraft/mods/mowziesmobs-1.6.3.jar
[14Nov2024 02:55:02.500] [main/DEBUG] [net.minecraftforge.fml.loading.moddiscovery.ModFileInfo/LOADING]: Found valid mod file mowziesmobs-1.6.3.jar with {mowziesmobs} mods - versions {1.6.3}
[14Nov2024 02:55:02.501] [main/DEBUG] [net.minecraftforge.fml.loading.moddiscovery.ModFile/LOADING]: Loading mod file /workspaces/server/servidor_minecraft/mods/mowziesmobs-1.6.3.jar with languages [LanguageSpec[languageName=javafml, acceptedVersions=[40,)]]
[14Nov2024 02:55:02.501] [main/DEBUG] [net.minecraftforge.fml.loading.moddiscovery.ModFileParser/LOADING]: Considering mod file candidate /workspaces/server/servidor_minecraft/mods/blue_skies-1.18.2-1.3.12.jar
[14Nov2024 02:55:02.504] [main/DEBUG] [net.minecraftforge.fml.loading.moddiscovery.ModFileInfo/LOADING]: Found valid mod file blue_skies-1.18.2-1.3.12.jar with {blue_skies} mods - versions {1.3.12}
[14Nov2024 02:55:02.505] [main/DEBUG] [net.minecraftforge.fml.loading.moddiscovery.ModFile/LOADING]: Loading mod file /workspaces/server/servidor_minecraft/mods/blue_skies-1.18.2-1.3.12.jar with languages [LanguageSpec[languageName=javafml, acceptedVersions=[40,)]]
[14Nov2024 02:55:02.510] [main/DEBUG] [net.minecraftforge.fml.loading.moddiscovery.ModFileParser/LOADING]: Considering mod file candidate /workspaces/server/servidor_minecraft/libraries/net/minecraftforge/forge/1.18.2-40.2.21/forge-1.18.2-40.2.21-universal.jar
[14Nov2024 02:55:02.513] [main/DEBUG] [net.minecraftforge.fml.loading.moddiscovery.ModFileInfo/LOADING]: Found valid mod file forge-1.18.2-40.2.21-universal.jar with {forge} mods - versions {40.2.21}
[14Nov2024 02:55:02.513] [main/DEBUG] [net.minecraftforge.fml.loading.moddiscovery.ModFile/LOADING]: Loading mod file /workspaces/server/servidor_minecraft/libraries/net/minecraftforge/forge/1.18.2-40.2.21/forge-1.18.2-40.2.21-universal.jar with languages [LanguageSpec[languageName=javafml, acceptedVersions=[24,]]]
[14Nov2024 02:55:02.515] [main/DEBUG] [net.minecraftforge.fml.loading.moddiscovery.ModFileParser/LOADING]: Found coremod field_to_method with Javascript path coremods/field_to_method.js
[14Nov2024 02:55:02.515] [main/DEBUG] [net.minecraftforge.fml.loading.moddiscovery.ModFileParser/LOADING]: Found coremod field_to_instanceof with Javascript path coremods/field_to_instanceof.js
[14Nov2024 02:55:02.515] [main/DEBUG] [net.minecraftforge.fml.loading.moddiscovery.ModFileParser/LOADING]: Found coremod add_bouncer_method with Javascript path coremods/add_bouncer_method.js
[14Nov2024 02:55:02.516] [main/DEBUG] [net.minecraftforge.fml.loading.moddiscovery.ModFileParser/LOADING]: Found coremod registry_object_binary_compat with Javascript path coremods/registry_object_binary_compat.js
[14Nov2024 02:55:02.516] [main/DEBUG] [net.minecraftforge.fml.loading.moddiscovery.ModFile/LOADING]: Found coremod coremods/field_to_method.js
[14Nov2024 02:55:02.516] [main/DEBUG] [net.minecraftforge.fml.loading.moddiscovery.ModFile/LOADING]: Found coremod coremods/field_to_instanceof.js
[14Nov2024 02:55:02.516] [main/DEBUG] [net.minecraftforge.fml.loading.moddiscovery.ModFile/LOADING]: Found coremod coremods/add_bouncer_method.js
[14Nov2024 02:55:02.517] [main/DEBUG] [net.minecraftforge.fml.loading.moddiscovery.ModFile/LOADING]: Found coremod coremods/registry_object_binary_compat.js
[14Nov2024 02:55:02.517] [main/DEBUG] [net.minecraftforge.fml.loading.moddiscovery.ModFileParser/LOADING]: Considering mod file candidate /workspaces/server/servidor_minecraft/mods/alexsmobs-1.18.6.jar
[14Nov2024 02:55:02.519] [main/DEBUG] [net.minecraftforge.fml.loading.moddiscovery.ModFileInfo/LOADING]: Found valid mod file alexsmobs-1.18.6.jar with {alexsmobs} mods - versions {1.18.6}
[14Nov2024 02:55:02.519] [main/DEBUG] [net.minecraftforge.fml.loading.moddiscovery.ModFile/LOADING]: Loading mod file /workspaces/server/servidor_minecraft/mods/alexsmobs-1.18.6.jar with languages [LanguageSpec[languageName=javafml, acceptedVersions=[40,)]]
[14Nov2024 02:55:02.520] [main/DEBUG] [net.minecraftforge.fml.loading.moddiscovery.ModFileParser/LOADING]: Considering mod file candidate 
[14Nov2024 02:55:02.521] [main/DEBUG] [net.minecraftforge.fml.loading.moddiscovery.ModFileInfo/LOADING]: Found valid mod file flywheel-forge-1.18.2-0.6.10-105.jar with {flywheel} mods - versions {0.6.10-105}
[14Nov2024 02:55:02.521] [main/DEBUG] [net.minecraftforge.fml.loading.moddiscovery.ModFile/LOADING]: Loading mod file  with languages [LanguageSpec[languageName=javafml, acceptedVersions=[40,)]]
[14Nov2024 02:55:02.522] [main/DEBUG] [net.minecraftforge.fml.loading.moddiscovery.ModFileParser/LOADING]: Considering mod file candidate /workspaces/server/servidor_minecraft/mods/create-1.18.2-0.5.1.f.jar
[14Nov2024 02:55:02.524] [main/DEBUG] [net.minecraftforge.fml.loading.moddiscovery.ModFileInfo/LOADING]: Found valid mod file create-1.18.2-0.5.1.f.jar with {create} mods - versions {0.5.1.f}
[14Nov2024 02:55:02.524] [main/DEBUG] [net.minecraftforge.fml.loading.moddiscovery.ModFile/LOADING]: Loading mod file /workspaces/server/servidor_minecraft/mods/create-1.18.2-0.5.1.f.jar with languages [LanguageSpec[languageName=javafml, acceptedVersions=[40,)]]
[14Nov2024 02:55:02.525] [main/DEBUG] [net.minecraftforge.fml.loading.moddiscovery.ModFileParser/LOADING]: Considering mod file candidate /workspaces/server/servidor_minecraft/mods/dawncraft_mobs-1.18-1.3.7a.jar
[14Nov2024 02:55:02.526] [main/DEBUG] [net.minecraftforge.fml.loading.moddiscovery.ModFileInfo/LOADING]: Found valid mod file dawncraft_mobs-1.18-1.3.7a.jar with {simple_mobs} mods - versions {1.3.7}
[14Nov2024 02:55:02.526] [main/DEBUG] [net.minecraftforge.fml.loading.moddiscovery.ModFile/LOADING]: Loading mod file /workspaces/server/servidor_minecraft/mods/dawncraft_mobs-1.18-1.3.7a.jar with languages [LanguageSpec[languageName=javafml, acceptedVersions=[40,)]]
[14Nov2024 02:55:02.527] [main/DEBUG] [net.minecraftforge.fml.loading.moddiscovery.ModFileParser/LOADING]: Considering mod file candidate /workspaces/server/servidor_minecraft/mods/dannys_expansion-1.2.6.jar
[14Nov2024 02:55:02.529] [main/DEBUG] [net.minecraftforge.fml.loading.moddiscovery.ModFileInfo/LOADING]: Found valid mod file dannys_expansion-1.2.6.jar with {dannys_expansion} mods - versions {1.2.6}
[14Nov2024 02:55:02.529] [main/DEBUG] [net.minecraftforge.fml.loading.moddiscovery.ModFile/LOADING]: Loading mod file /workspaces/server/servidor_minecraft/mods/dannys_expansion-1.2.6.jar with languages [LanguageSpec[languageName=javafml, acceptedVersions=[34,)]]
[14Nov2024 02:55:02.530] [main/DEBUG] [net.minecraftforge.fml.loading.moddiscovery.ModFileParser/LOADING]: Considering mod file candidate /workspaces/server/servidor_minecraft/mods/aquamirae-5.api10.jar
[14Nov2024 02:55:02.532] [main/DEBUG] [net.minecraftforge.fml.loading.moddiscovery.ModFileInfo/LOADING]: Found valid mod file aquamirae-5.api10.jar with {aquamirae} mods - versions {5.api10}
[14Nov2024 02:55:02.532] [main/DEBUG] [net.minecraftforge.fml.loading.moddiscovery.ModFile/LOADING]: Loading mod file /workspaces/server/servidor_minecraft/mods/aquamirae-5.api10.jar with languages [LanguageSpec[languageName=javafml, acceptedVersions=[40,)]]
[14Nov2024 02:55:02.533] [main/DEBUG] [net.minecraftforge.fml.loading.moddiscovery.ModFile/LOADING]: Loading mod file  with languages []
[14Nov2024 02:55:02.536] [main/DEBUG] [cpw.mods.modlauncher.TransformationServiceDecorator/MODLAUNCHER]: End scan trigger - transformation service fml
[14Nov2024 02:55:02.560] [main/DEBUG] [net.minecraftforge.fml.loading.LanguageLoadingProvider/CORE]: Found 3 language providers
[14Nov2024 02:55:02.561] [main/DEBUG] [net.minecraftforge.fml.loading.LanguageLoadingProvider/CORE]: Found language provider minecraft, version 1.0
[14Nov2024 02:55:02.562] [main/DEBUG] [net.minecraftforge.fml.loading.LanguageLoadingProvider/CORE]: Found language provider lowcodefml, version 40
[14Nov2024 02:55:02.563] [main/DEBUG] [net.minecraftforge.fml.loading.LanguageLoadingProvider/CORE]: Found language provider javafml, version 40
[14Nov2024 02:55:02.569] [main/DEBUG] [net.minecraftforge.fml.loading.ModSorter/]: Configured system mods: [minecraft, forge]
[14Nov2024 02:55:02.570] [main/DEBUG] [net.minecraftforge.fml.loading.ModSorter/]: Found system mod: minecraft
[14Nov2024 02:55:02.570] [main/DEBUG] [net.minecraftforge.fml.loading.ModSorter/]: Found system mod: forge
[14Nov2024 02:55:02.574] [main/DEBUG] [net.minecraftforge.fml.loading.ModSorter/LOADING]: Found 21 mod requirements (21 mandatory, 0 optional)
[14Nov2024 02:55:02.575] [main/DEBUG] [net.minecraftforge.fml.loading.ModSorter/LOADING]: Found 5 mod requirements missing (5 mandatory, 0 optional)
[14Nov2024 02:55:02.576] [main/ERROR] [net.minecraftforge.fml.loading.ModSorter/LOADING]: Missing or unsupported mandatory dependencies:
	Mod ID: 'geckolib3', Requested by: 'mowziesmobs', Expected range: '[3.0.56,)', Actual version: '[MISSING]'
	Mod ID: 'citadel', Requested by: 'alexsmobs', Expected range: '[1.11.1,)', Actual version: '[MISSING]'
	Mod ID: 'obscure_api', Requested by: 'aquamirae', Expected range: '[10,]', Actual version: '[MISSING]'
	Mod ID: 'structure_gel', Requested by: 'blue_skies', Expected range: '[2.2.2,]', Actual version: '[MISSING]'
	Mod ID: 'braincell', Requested by: 'dannys_expansion', Expected range: '[1.18,)', Actual version: '[MISSING]'
[14Nov2024 02:55:03.369] [main/DEBUG] [cpw.mods.modlauncher.TransformationServicesHandler/MODLAUNCHER]: Transformation services loading transformers
[14Nov2024 02:55:03.370] [main/DEBUG] [cpw.mods.modlauncher.TransformationServiceDecorator/MODLAUNCHER]: Initializing transformers for transformation service mixin
[14Nov2024 02:55:03.370] [main/DEBUG] [cpw.mods.modlauncher.TransformationServiceDecorator/MODLAUNCHER]: Initialized transformers for transformation service mixin
[14Nov2024 02:55:03.370] [main/DEBUG] [cpw.mods.modlauncher.TransformationServiceDecorator/MODLAUNCHER]: Initializing transformers for transformation service fml
[14Nov2024 02:55:03.371] [main/DEBUG] [net.minecraftforge.fml.loading.FMLServiceProvider/CORE]: Loading coremod transformers
[14Nov2024 02:55:03.371] [main/DEBUG] [net.minecraftforge.coremod.CoreModEngine/COREMOD]: Loading CoreMod from coremods/field_to_method.js
[14Nov2024 02:55:03.712] [main/DEBUG] [net.minecraftforge.coremod.CoreModEngine/COREMOD]: CoreMod loaded successfully
[14Nov2024 02:55:03.719] [main/DEBUG] [net.minecraftforge.coremod.CoreModEngine/COREMOD]: Loading CoreMod from coremods/field_to_instanceof.js
[14Nov2024 02:55:03.843] [main/DEBUG] [net.minecraftforge.coremod.CoreModEngine/COREMOD]: CoreMod loaded successfully
[14Nov2024 02:55:03.853] [main/DEBUG] [net.minecraftforge.coremod.CoreModEngine/COREMOD]: Loading CoreMod from coremods/add_bouncer_method.js
[14Nov2024 02:55:03.943] [main/DEBUG] [net.minecraftforge.coremod.CoreModEngine/COREMOD]: CoreMod loaded successfully
[14Nov2024 02:55:03.944] [main/DEBUG] [net.minecraftforge.coremod.CoreModEngine/COREMOD]: Loading CoreMod from coremods/registry_object_binary_compat.js
[14Nov2024 02:55:04.001] [main/DEBUG] [net.minecraftforge.coremod.CoreModEngine/COREMOD]: CoreMod loaded successfully
[14Nov2024 02:55:04.015] [main/DEBUG] [cpw.mods.modlauncher.TransformStore/MODLAUNCHER]: Adding transformer net.minecraftforge.coremod.transformer.CoreModClassTransformer@6920614 to Target : CLASS {Lnet/minecraft/world/effect/MobEffectInstance;} {} {V}
[14Nov2024 02:55:04.016] [main/DEBUG] [cpw.mods.modlauncher.TransformStore/MODLAUNCHER]: Adding transformer net.minecraftforge.coremod.transformer.CoreModClassTransformer@102ecc22 to Target : CLASS {Lnet/minecraft/world/level/block/LiquidBlock;} {} {V}
[14Nov2024 02:55:04.017] [main/DEBUG] [cpw.mods.modlauncher.TransformStore/MODLAUNCHER]: Adding transformer net.minecraftforge.coremod.transformer.CoreModClassTransformer@7ff35a3f to Target : CLASS {Lnet/minecraft/world/item/BucketItem;} {} {V}
[14Nov2024 02:55:04.017] [main/DEBUG] [cpw.mods.modlauncher.TransformStore/MODLAUNCHER]: Adding transformer net.minecraftforge.coremod.transformer.CoreModClassTransformer@26dc9bd5 to Target : CLASS {Lnet/minecraft/world/level/block/StairBlock;} {} {V}
[14Nov2024 02:55:04.017] [main/DEBUG] [cpw.mods.modlauncher.TransformStore/MODLAUNCHER]: Adding transformer net.minecraftforge.coremod.transformer.CoreModClassTransformer@252dc8c4 to Target : CLASS {Lnet/minecraft/world/level/block/FlowerPotBlock;} {} {V}
[14Nov2024 02:55:04.017] [main/DEBUG] [cpw.mods.modlauncher.TransformStore/MODLAUNCHER]: Adding transformer net.minecraftforge.coremod.transformer.CoreModClassTransformer@43045f9f to Target : CLASS {Lnet/minecraft/world/item/ItemStack;} {} {V}
[14Nov2024 02:55:04.017] [main/DEBUG] [cpw.mods.modlauncher.TransformStore/MODLAUNCHER]: Adding transformer net.minecraftforge.coremod.transformer.CoreModClassTransformer@2643d762 to Target : CLASS {Lnet/minecraft/network/play/client/CClientSettingsPacket;} {} {V}
[14Nov2024 02:55:04.018] [main/DEBUG] [cpw.mods.modlauncher.TransformStore/MODLAUNCHER]: Adding transformer net.minecraftforge.coremod.transformer.CoreModClassTransformer@6403e24c to Target : CLASS {Lnet/minecraftforge/registries/RegistryObject;} {} {V}
[14Nov2024 02:55:04.018] [main/DEBUG] [cpw.mods.modlauncher.TransformationServiceDecorator/MODLAUNCHER]: Initialized transformers for transformation service fml
[14Nov2024 02:55:05.269] [main/DEBUG] [mixin/]: Processing prepare() for PlatformAgent[MixinPlatformAgentDefault:ModLauncher Root Container(ModLauncher:4f56a0a2)]
[14Nov2024 02:55:05.269] [main/DEBUG] [mixin/]: Processing launch tasks for PlatformAgent[MixinPlatformAgentDefault:ModLauncher Root Container(ModLauncher:4f56a0a2)]
[14Nov2024 02:55:05.270] [main/DEBUG] [mixin/]: Adding mixin platform agents for container SecureJarResource(ba_bt)
[14Nov2024 02:55:05.270] [main/DEBUG] [mixin/]: Instancing new MixinPlatformAgentMinecraftForge for SecureJarResource(ba_bt)
[14Nov2024 02:55:05.270] [main/DEBUG] [mixin/]: MixinPlatformAgentMinecraftForge rejected container SecureJarResource(ba_bt)
[14Nov2024 02:55:05.270] [main/DEBUG] [mixin/]: Instancing new MixinPlatformAgentDefault for SecureJarResource(ba_bt)
[14Nov2024 02:55:05.270] [main/DEBUG] [mixin/]: MixinPlatformAgentDefault accepted container SecureJarResource(ba_bt)
[14Nov2024 02:55:05.270] [main/DEBUG] [mixin/]: Processing prepare() for PlatformAgent[MixinPlatformAgentDefault:SecureJarResource(ba_bt)]
[14Nov2024 02:55:05.270] [main/DEBUG] [mixin/]: Adding mixin platform agents for container SecureJarResource(minecraft)
[14Nov2024 02:55:05.270] [main/DEBUG] [mixin/]: Instancing new MixinPlatformAgentMinecraftForge for SecureJarResource(minecraft)
[14Nov2024 02:55:05.271] [main/DEBUG] [mixin/]: MixinPlatformAgentMinecraftForge rejected container SecureJarResource(minecraft)
[14Nov2024 02:55:05.271] [main/DEBUG] [mixin/]: Instancing new MixinPlatformAgentDefault for SecureJarResource(minecraft)
[14Nov2024 02:55:05.287] [main/DEBUG] [mixin/]: MixinPlatformAgentDefault accepted container SecureJarResource(minecraft)
[14Nov2024 02:55:05.287] [main/DEBUG] [mixin/]: Processing prepare() for PlatformAgent[MixinPlatformAgentDefault:SecureJarResource(minecraft)]
[14Nov2024 02:55:05.287] [main/DEBUG] [mixin/]: Adding mixin platform agents for container SecureJarResource(medievalmusic)
[14Nov2024 02:55:05.287] [main/DEBUG] [mixin/]: Instancing new MixinPlatformAgentMinecraftForge for SecureJarResource(medievalmusic)
[14Nov2024 02:55:05.288] [main/DEBUG] [mixin/]: MixinPlatformAgentMinecraftForge rejected container SecureJarResource(medievalmusic)
[14Nov2024 02:55:05.288] [main/DEBUG] [mixin/]: Instancing new MixinPlatformAgentDefault for SecureJarResource(medievalmusic)
[14Nov2024 02:55:05.288] [main/DEBUG] [mixin/]: MixinPlatformAgentDefault accepted container SecureJarResource(medievalmusic)
[14Nov2024 02:55:05.288] [main/DEBUG] [mixin/]: Processing prepare() for PlatformAgent[MixinPlatformAgentDefault:SecureJarResource(medievalmusic)]
[14Nov2024 02:55:05.288] [main/DEBUG] [mixin/]: Registering mixin config: medievalmusic.mixins.json
[14Nov2024 02:55:05.314] [main/DEBUG] [mixin/]: Compatibility level JAVA_17 specified by medievalmusic.mixins.json is higher than the maximum level supported by this version of mixin (JAVA_13).
[14Nov2024 02:55:05.328] [main/INFO] [mixin/]: Compatibility level set to JAVA_17
[14Nov2024 02:55:05.328] [main/DEBUG] [mixin/]: Adding mixin platform agents for container SecureJarResource(mowziesmobs)
[14Nov2024 02:55:05.328] [main/DEBUG] [mixin/]: Instancing new MixinPlatformAgentMinecraftForge for SecureJarResource(mowziesmobs)
[14Nov2024 02:55:05.329] [main/DEBUG] [mixin/]: MixinPlatformAgentMinecraftForge rejected container SecureJarResource(mowziesmobs)
[14Nov2024 02:55:05.329] [main/DEBUG] [mixin/]: Instancing new MixinPlatformAgentDefault for SecureJarResource(mowziesmobs)
[14Nov2024 02:55:05.329] [main/DEBUG] [mixin/]: MixinPlatformAgentDefault accepted container SecureJarResource(mowziesmobs)
[14Nov2024 02:55:05.329] [main/DEBUG] [mixin/]: Processing prepare() for PlatformAgent[MixinPlatformAgentDefault:SecureJarResource(mowziesmobs)]
[14Nov2024 02:55:05.329] [main/DEBUG] [mixin/]: Adding mixin platform agents for container SecureJarResource(blue_skies)
[14Nov2024 02:55:05.329] [main/DEBUG] [mixin/]: Instancing new MixinPlatformAgentMinecraftForge for SecureJarResource(blue_skies)
[14Nov2024 02:55:05.329] [main/DEBUG] [mixin/]: MixinPlatformAgentMinecraftForge rejected container SecureJarResource(blue_skies)
[14Nov2024 02:55:05.329] [main/DEBUG] [mixin/]: Instancing new MixinPlatformAgentDefault for SecureJarResource(blue_skies)
[14Nov2024 02:55:05.330] [main/DEBUG] [mixin/]: MixinPlatformAgentDefault accepted container SecureJarResource(blue_skies)
[14Nov2024 02:55:05.330] [main/DEBUG] [mixin/]: Processing prepare() for PlatformAgent[MixinPlatformAgentDefault:SecureJarResource(blue_skies)]
[14Nov2024 02:55:05.330] [main/DEBUG] [mixin/]: Registering mixin config: blue_skies.mixins.json
[14Nov2024 02:55:05.331] [main/DEBUG] [mixin/]: Adding mixin platform agents for container SecureJarResource(forge)
[14Nov2024 02:55:05.331] [main/DEBUG] [mixin/]: Instancing new MixinPlatformAgentMinecraftForge for SecureJarResource(forge)
[14Nov2024 02:55:05.331] [main/DEBUG] [mixin/]: MixinPlatformAgentMinecraftForge rejected container SecureJarResource(forge)
[14Nov2024 02:55:05.332] [main/DEBUG] [mixin/]: Instancing new MixinPlatformAgentDefault for SecureJarResource(forge)
[14Nov2024 02:55:05.332] [main/DEBUG] [mixin/]: MixinPlatformAgentDefault accepted container SecureJarResource(forge)
[14Nov2024 02:55:05.332] [main/DEBUG] [mixin/]: Processing prepare() for PlatformAgent[MixinPlatformAgentDefault:SecureJarResource(forge)]
[14Nov2024 02:55:05.332] [main/DEBUG] [mixin/]: Adding mixin platform agents for container SecureJarResource(alexsmobs)
[14Nov2024 02:55:05.332] [main/DEBUG] [mixin/]: Instancing new MixinPlatformAgentMinecraftForge for SecureJarResource(alexsmobs)
[14Nov2024 02:55:05.332] [main/DEBUG] [mixin/]: MixinPlatformAgentMinecraftForge rejected container SecureJarResource(alexsmobs)
[14Nov2024 02:55:05.332] [main/DEBUG] [mixin/]: Instancing new MixinPlatformAgentDefault for SecureJarResource(alexsmobs)
[14Nov2024 02:55:05.332] [main/DEBUG] [mixin/]: MixinPlatformAgentDefault accepted container SecureJarResource(alexsmobs)
[14Nov2024 02:55:05.333] [main/DEBUG] [mixin/]: Processing prepare() for PlatformAgent[MixinPlatformAgentDefault:SecureJarResource(alexsmobs)]
[14Nov2024 02:55:05.333] [main/DEBUG] [mixin/]: Adding mixin platform agents for container SecureJarResource(flywheel)
[14Nov2024 02:55:05.333] [main/DEBUG] [mixin/]: Instancing new MixinPlatformAgentMinecraftForge for SecureJarResource(flywheel)
[14Nov2024 02:55:05.333] [main/DEBUG] [mixin/]: MixinPlatformAgentMinecraftForge rejected container SecureJarResource(flywheel)
[14Nov2024 02:55:05.333] [main/DEBUG] [mixin/]: Instancing new MixinPlatformAgentDefault for SecureJarResource(flywheel)
[14Nov2024 02:55:05.333] [main/DEBUG] [mixin/]: MixinPlatformAgentDefault accepted container SecureJarResource(flywheel)
[14Nov2024 02:55:05.333] [main/DEBUG] [mixin/]: Processing prepare() for PlatformAgent[MixinPlatformAgentDefault:SecureJarResource(flywheel)]
[14Nov2024 02:55:05.333] [main/DEBUG] [mixin/]: Registering mixin config: flywheel.mixins.json
[14Nov2024 02:55:05.335] [main/DEBUG] [mixin/]: Registering mixin config: flywheel.sodium.mixins.json
[14Nov2024 02:55:05.337] [main/DEBUG] [mixin/]: Adding mixin platform agents for container SecureJarResource(create)
[14Nov2024 02:55:05.337] [main/DEBUG] [mixin/]: Instancing new MixinPlatformAgentMinecraftForge for SecureJarResource(create)
[14Nov2024 02:55:05.337] [main/DEBUG] [mixin/]: MixinPlatformAgentMinecraftForge rejected container SecureJarResource(create)
[14Nov2024 02:55:05.337] [main/DEBUG] [mixin/]: Instancing new MixinPlatformAgentDefault for SecureJarResource(create)
[14Nov2024 02:55:05.337] [main/DEBUG] [mixin/]: MixinPlatformAgentDefault accepted container SecureJarResource(create)
[14Nov2024 02:55:05.338] [main/DEBUG] [mixin/]: Processing prepare() for PlatformAgent[MixinPlatformAgentDefault:SecureJarResource(create)]
[14Nov2024 02:55:05.338] [main/DEBUG] [mixin/]: Registering mixin config: create.mixins.json
[14Nov2024 02:55:05.339] [main/DEBUG] [mixin/]: Adding mixin platform agents for container SecureJarResource(simple_mobs)
[14Nov2024 02:55:05.339] [main/DEBUG] [mixin/]: Instancing new MixinPlatformAgentMinecraftForge for SecureJarResource(simple_mobs)
[14Nov2024 02:55:05.340] [main/DEBUG] [mixin/]: MixinPlatformAgentMinecraftForge rejected container SecureJarResource(simple_mobs)
[14Nov2024 02:55:05.340] [main/DEBUG] [mixin/]: Instancing new MixinPlatformAgentDefault for SecureJarResource(simple_mobs)
[14Nov2024 02:55:05.340] [main/DEBUG] [mixin/]: MixinPlatformAgentDefault accepted container SecureJarResource(simple_mobs)
[14Nov2024 02:55:05.340] [main/DEBUG] [mixin/]: Processing prepare() for PlatformAgent[MixinPlatformAgentDefault:SecureJarResource(simple_mobs)]
[14Nov2024 02:55:05.340] [main/DEBUG] [mixin/]: Adding mixin platform agents for container SecureJarResource(dannys_expansion)
[14Nov2024 02:55:05.340] [main/DEBUG] [mixin/]: Instancing new MixinPlatformAgentMinecraftForge for SecureJarResource(dannys_expansion)
[14Nov2024 02:55:05.340] [main/DEBUG] [mixin/]: MixinPlatformAgentMinecraftForge rejected container SecureJarResource(dannys_expansion)
[14Nov2024 02:55:05.340] [main/DEBUG] [mixin/]: Instancing new MixinPlatformAgentDefault for SecureJarResource(dannys_expansion)
[14Nov2024 02:55:05.341] [main/DEBUG] [mixin/]: MixinPlatformAgentDefault accepted container SecureJarResource(dannys_expansion)
[14Nov2024 02:55:05.341] [main/DEBUG] [mixin/]: Processing prepare() for PlatformAgent[MixinPlatformAgentDefault:SecureJarResource(dannys_expansion)]
[14Nov2024 02:55:05.341] [main/DEBUG] [mixin/]: Registering mixin config: dannys_expansion.mixins.json
[14Nov2024 02:55:05.342] [main/DEBUG] [mixin/]: Adding mixin platform agents for container SecureJarResource(aquamirae)
[14Nov2024 02:55:05.342] [main/DEBUG] [mixin/]: Instancing new MixinPlatformAgentMinecraftForge for SecureJarResource(aquamirae)
[14Nov2024 02:55:05.342] [main/DEBUG] [mixin/]: MixinPlatformAgentMinecraftForge rejected container SecureJarResource(aquamirae)
[14Nov2024 02:55:05.342] [main/DEBUG] [mixin/]: Instancing new MixinPlatformAgentDefault for SecureJarResource(aquamirae)
[14Nov2024 02:55:05.343] [main/DEBUG] [mixin/]: MixinPlatformAgentDefault accepted container SecureJarResource(aquamirae)
[14Nov2024 02:55:05.343] [main/DEBUG] [mixin/]: Processing prepare() for PlatformAgent[MixinPlatformAgentDefault:SecureJarResource(aquamirae)]
[14Nov2024 02:55:05.343] [main/DEBUG] [mixin/]: Adding mixin platform agents for container SecureJarResource(Registrate.MC1._18._2)
[14Nov2024 02:55:05.355] [main/DEBUG] [mixin/]: Instancing new MixinPlatformAgentMinecraftForge for SecureJarResource(Registrate.MC1._18._2)
[14Nov2024 02:55:05.355] [main/DEBUG] [mixin/]: MixinPlatformAgentMinecraftForge rejected container SecureJarResource(Registrate.MC1._18._2)
[14Nov2024 02:55:05.355] [main/DEBUG] [mixin/]: Instancing new MixinPlatformAgentDefault for SecureJarResource(Registrate.MC1._18._2)
[14Nov2024 02:55:05.355] [main/DEBUG] [mixin/]: MixinPlatformAgentDefault accepted container SecureJarResource(Registrate.MC1._18._2)
[14Nov2024 02:55:05.355] [main/DEBUG] [mixin/]: Processing prepare() for PlatformAgent[MixinPlatformAgentDefault:SecureJarResource(Registrate.MC1._18._2)]
[14Nov2024 02:55:05.356] [main/DEBUG] [mixin/]: inject() running with 14 agents
[14Nov2024 02:55:05.356] [main/DEBUG] [mixin/]: Processing inject() for PlatformAgent[MixinPlatformAgentDefault:ModLauncher Root Container(ModLauncher:4f56a0a2)]
[14Nov2024 02:55:05.356] [main/DEBUG] [mixin/]: Processing inject() for PlatformAgent[MixinPlatformAgentDefault:SecureJarResource(ba_bt)]
[14Nov2024 02:55:05.356] [main/DEBUG] [mixin/]: Processing inject() for PlatformAgent[MixinPlatformAgentDefault:SecureJarResource(minecraft)]
[14Nov2024 02:55:05.356] [main/DEBUG] [mixin/]: Processing inject() for PlatformAgent[MixinPlatformAgentDefault:SecureJarResource(medievalmusic)]
[14Nov2024 02:55:05.356] [main/DEBUG] [mixin/]: Processing inject() for PlatformAgent[MixinPlatformAgentDefault:SecureJarResource(mowziesmobs)]
[14Nov2024 02:55:05.356] [main/DEBUG] [mixin/]: Processing inject() for PlatformAgent[MixinPlatformAgentDefault:SecureJarResource(blue_skies)]
[14Nov2024 02:55:05.356] [main/DEBUG] [mixin/]: Processing inject() for PlatformAgent[MixinPlatformAgentDefault:SecureJarResource(forge)]
[14Nov2024 02:55:05.357] [main/DEBUG] [mixin/]: Processing inject() for PlatformAgent[MixinPlatformAgentDefault:SecureJarResource(alexsmobs)]
[14Nov2024 02:55:05.357] [main/DEBUG] [mixin/]: Processing inject() for PlatformAgent[MixinPlatformAgentDefault:SecureJarResource(flywheel)]
[14Nov2024 02:55:05.357] [main/DEBUG] [mixin/]: Processing inject() for PlatformAgent[MixinPlatformAgentDefault:SecureJarResource(create)]
[14Nov2024 02:55:05.357] [main/DEBUG] [mixin/]: Processing inject() for PlatformAgent[MixinPlatformAgentDefault:SecureJarResource(simple_mobs)]
[14Nov2024 02:55:05.357] [main/DEBUG] [mixin/]: Processing inject() for PlatformAgent[MixinPlatformAgentDefault:SecureJarResource(dannys_expansion)]
[14Nov2024 02:55:05.357] [main/DEBUG] [mixin/]: Processing inject() for PlatformAgent[MixinPlatformAgentDefault:SecureJarResource(aquamirae)]
[14Nov2024 02:55:05.357] [main/DEBUG] [mixin/]: Processing inject() for PlatformAgent[MixinPlatformAgentDefault:SecureJarResource(Registrate.MC1._18._2)]
[14Nov2024 02:55:05.358] [main/INFO] [cpw.mods.modlauncher.LaunchServiceHandler/MODLAUNCHER]: Launching target 'forgeserver' with arguments []
[14Nov2024 02:55:05.413] [main/DEBUG] [mixin/]: Error cleaning class output directory: .mixin.out
[14Nov2024 02:55:05.415] [main/DEBUG] [mixin/]: Preparing mixins for MixinEnvironment[DEFAULT]
[14Nov2024 02:55:05.415] [main/DEBUG] [mixin/]: Selecting config medievalmusic.mixins.json
[14Nov2024 02:55:05.418] [main/WARN] [mixin/]: Reference map 'medievalmusic.refmap.json' for medievalmusic.mixins.json could not be read. If this is a development environment you can ignore this message
[14Nov2024 02:55:05.418] [main/DEBUG] [mixin/]: Selecting config blue_skies.mixins.json
[14Nov2024 02:55:05.428] [main/DEBUG] [mixin/]: Selecting config flywheel.mixins.json
[14Nov2024 02:55:05.429] [main/DEBUG] [mixin/]: Selecting config flywheel.sodium.mixins.json
[14Nov2024 02:55:05.448] [main/DEBUG] [mixin/]: Selecting config create.mixins.json
[14Nov2024 02:55:05.450] [main/DEBUG] [mixin/]: Selecting config dannys_expansion.mixins.json
[14Nov2024 02:55:05.451] [main/DEBUG] [mixin/]: Preparing medievalmusic.mixins.json (0)
[14Nov2024 02:55:05.451] [main/DEBUG] [mixin/]: Preparing blue_skies.mixins.json (20)
[14Nov2024 02:55:05.706] [main/DEBUG] [mixin/]: Preparing flywheel.mixins.json (25)
[14Nov2024 02:55:05.706] [main/DEBUG] [mixin/]: Preparing flywheel.sodium.mixins.json (2)
[14Nov2024 02:55:05.706] [main/DEBUG] [mixin/]: Preparing dannys_expansion.mixins.json (7)
[14Nov2024 02:55:05.753] [main/DEBUG] [mixin/]: Preparing create.mixins.json (33)
[14Nov2024 02:55:05.903] [main/DEBUG] [mixin/]: Registering new injector for @Inject with org.spongepowered.asm.mixin.injection.struct.CallbackInjectionInfo
[14Nov2024 02:55:05.910] [main/DEBUG] [mixin/]: Registering new injector for @ModifyArg with org.spongepowered.asm.mixin.injection.struct.ModifyArgInjectionInfo
[14Nov2024 02:55:05.920] [main/DEBUG] [mixin/]: Registering new injector for @ModifyArgs with org.spongepowered.asm.mixin.injection.struct.ModifyArgsInjectionInfo
[14Nov2024 02:55:05.929] [main/DEBUG] [mixin/]: Registering new injector for @Redirect with org.spongepowered.asm.mixin.injection.struct.RedirectInjectionInfo
[14Nov2024 02:55:05.939] [main/DEBUG] [mixin/]: Registering new injector for @ModifyVariable with org.spongepowered.asm.mixin.injection.struct.ModifyVariableInjectionInfo
[14Nov2024 02:55:05.942] [main/DEBUG] [mixin/]: Registering new injector for @ModifyConstant with org.spongepowered.asm.mixin.injection.struct.ModifyConstantInjectionInfo
[14Nov2024 02:55:06.044] [main/DEBUG] [mixin/]: Prepared 35 mixins in 0.626 sec (17.9ms avg) (0ms load, 0ms transform, 0ms plugin)
[14Nov2024 02:55:06.060] [main/DEBUG] [mixin/]: Mixing MainMixin from create.mixins.json into net.minecraft.server.Main
[14Nov2024 02:55:06.349] [main/DEBUG] [io.netty.util.internal.logging.InternalLoggerFactory/]: Using SLF4J as the default logging framework
[14Nov2024 02:55:06.352] [main/DEBUG] [io.netty.util.ResourceLeakDetector/]: -Dio.netty.leakDetection.level: simple
[14Nov2024 02:55:06.352] [main/DEBUG] [io.netty.util.ResourceLeakDetector/]: -Dio.netty.leakDetection.targetRecords: 4
[14Nov2024 02:55:06.472] [main/DEBUG] [mixin/]: Mixing accessor.SystemReportAccessor from create.mixins.json into net.minecraft.SystemReport
[14Nov2024 02:55:06.473] [main/DEBUG] [mixin/]: Renaming @Accessor method getOPERATING_SYSTEM()Ljava/lang/String; to getOPERATING_SYSTEM_$md$e21db3$0 in create.mixins.json:accessor.SystemReportAccessor
[14Nov2024 02:55:06.481] [main/DEBUG] [mixin/]: Renaming @Accessor method getJAVA_VERSION()Ljava/lang/String; to getJAVA_VERSION_$md$e21db3$1 in create.mixins.json:accessor.SystemReportAccessor
[14Nov2024 02:55:06.507] [main/DEBUG] [oshi.util.FileUtil/]: No oshi.properties file found from ClassLoader cpw.mods.modlauncher.TransformingClassLoader@4d41ba0f
[14Nov2024 02:55:06.510] [main/DEBUG] [oshi.util.FileUtil/]: No oshi.properties file found from ClassLoader jdk.internal.loader.ClassLoaders$AppClassLoader@2f92e0f4
[14Nov2024 02:55:06.526] [main/DEBUG] [oshi.util.FileUtil/]: Reading file /proc/cpuinfo
[14Nov2024 02:55:06.526] [main/DEBUG] [oshi.util.FileUtil/]: Reading file /proc/cpuinfo
[14Nov2024 02:55:06.539] [main/DEBUG] [oshi.util.FileUtil/]: No oshi.architecture.properties file found from ClassLoader cpw.mods.modlauncher.TransformingClassLoader@4d41ba0f
[14Nov2024 02:55:06.540] [main/DEBUG] [oshi.util.FileUtil/]: No oshi.architecture.properties file found from ClassLoader jdk.internal.loader.ClassLoaders$AppClassLoader@2f92e0f4
[14Nov2024 02:55:06.565] [main/DEBUG] [oshi.util.FileUtil/]: Reading file /proc/meminfo
[14Nov2024 02:55:06.568] [main/DEBUG] [oshi.util.FileUtil/]: Reading file /proc/meminfo
[14Nov2024 02:55:06.571] [main/DEBUG] [mixin/]: Mixing UtilMixin from blue_skies.mixins.json into net.minecraft.Util
[14Nov2024 02:55:06.742] [main/DEBUG] [mixin/]: Mixing EntityMixin from create.mixins.json into net.minecraft.world.entity.Entity
[14Nov2024 02:55:06.755] [main/DEBUG] [mixin/]: Mixing ContraptionDriverInteractMixin from create.mixins.json into net.minecraft.world.entity.Entity
[14Nov2024 02:55:06.816] [main/DEBUG] [mixin/]: Mixing LivingEntityMixin from blue_skies.mixins.json into net.minecraft.world.entity.LivingEntity
[14Nov2024 02:55:06.833] [main/DEBUG] [net.minecraftforge.coremod.transformer.CoreModBaseTransformer/COREMOD]: Transforming net/minecraft/world/item/ItemStack
[14Nov2024 02:55:06.889] [main/DEBUG] [mixin/]: Mixing CustomItemUseEffectsMixin from create.mixins.json into net.minecraft.world.entity.LivingEntity
[14Nov2024 02:55:06.898] [main/DEBUG] [mixin/]: Mixing LavaSwimmingMixin from create.mixins.json into net.minecraft.world.entity.LivingEntity
[14Nov2024 02:55:06.928] [main/DEBUG] [mixin/]: Mixing accessor.LivingEntityAccessor from create.mixins.json into net.minecraft.world.entity.LivingEntity
[14Nov2024 02:55:07.082] [main/DEBUG] [mixin/]: Mixing accessor.ServerLevelAccessor from create.mixins.json into net.minecraft.server.level.ServerLevel
[14Nov2024 02:55:07.121] [main/DEBUG] [mixin/]: Mixing PlayerEntityMixin from blue_skies.mixins.json into net.minecraft.world.entity.player.Player
[14Nov2024 02:55:07.258] [main/DEBUG] [mixin/]: Mixing VillagerProfessionMixin from blue_skies.mixins.json into net.minecraft.world.entity.npc.VillagerProfession
[14Nov2024 02:55:07.364] [main/DEBUG] [mixin/]: Mixing StructureFeatureMixin from dannys_expansion.mixins.json into net.minecraft.world.level.levelgen.feature.StructureFeature
[14Nov2024 02:55:07.370] [main/DEBUG] [mixin/]: Renaming @Accessor method getSTEP()Ljava/util/Map; to getSTEP_$md$e21db3$0 in dannys_expansion.mixins.json:StructureFeatureMixin
[14Nov2024 02:55:07.376] [main/DEBUG] [mixin/]: Mixing BiomeMixin from blue_skies.mixins.json into net.minecraft.world.level.biome.Biome
[14Nov2024 02:55:07.627] [main/DEBUG] [net.minecraftforge.coremod.transformer.CoreModBaseTransformer/COREMOD]: Transforming net/minecraft/world/level/block/LiquidBlock
[14Nov2024 02:55:07.652] [main/DEBUG] [mixin/]: Mixing accessor.DispenserBlockAccessor from create.mixins.json into net.minecraft.world.level.block.DispenserBlock
[14Nov2024 02:55:07.684] [main/DEBUG] [net.minecraftforge.coremod.transformer.CoreModBaseTransformer/COREMOD]: Transforming net/minecraft/world/level/block/StairBlock
[14Nov2024 02:55:07.772] [main/DEBUG] [mixin/]: Mixing IronBarsBlockMixin from blue_skies.mixins.json into net.minecraft.world.level.block.IronBarsBlock
[14Nov2024 02:55:07.822] [main/DEBUG] [net.minecraftforge.coremod.transformer.CoreModBaseTransformer/COREMOD]: Transforming net/minecraft/world/level/block/FlowerPotBlock
[14Nov2024 02:55:08.685] [main/DEBUG] [mixin/]: Mixing WaterWheelFluidSpreadMixin from create.mixins.json into net.minecraft.world.level.material.FlowingFluid
[14Nov2024 02:55:09.114] [main/DEBUG] [net.minecraftforge.coremod.transformer.CoreModBaseTransformer/COREMOD]: Transforming net/minecraftforge/registries/RegistryObject
[14Nov2024 02:55:09.674] [main/DEBUG] [mixin/]: Mixing MobMixin from dannys_expansion.mixins.json into net.minecraft.world.entity.Mob
[14Nov2024 02:55:09.686] [main/WARN] [mixin/]: Error loading class: bottomtextdanny/braincell/mod/capability/CapabilityHelper (java.lang.ClassNotFoundException: bottomtextdanny.braincell.mod.capability.CapabilityHelper)
